2004.03.14 11:48 B C:\totta\epnn.com\includes\pdf\font\Courier-Bold.afm <-- epayments /epnn.com/includes/pdf/font Courier-Bold.afm
2004.03.14 11:48 B C:\totta\epnn.com\includes\pdf\font\Courier-BoldOblique.afm <-- epayments /epnn.com/includes/pdf/font Courier-BoldOblique.afm
2004.03.14 11:48 B C:\totta\epnn.com\includes\pdf\font\Courier-Oblique.afm <-- epayments /epnn.com/includes/pdf/font Courier-Oblique.afm
2004.03.14 11:48 B C:\totta\epnn.com\includes\pdf\font\Courier.afm <-- epayments /epnn.com/includes/pdf/font Courier.afm
2004.03.14 11:48 B C:\totta\epnn.com\includes\pdf\font\courier.php <-- epayments /epnn.com/includes/pdf/font courier.php
2004.03.14 11:48 B C:\totta\epnn.com\includes\pdf\font\Helvetica-Bold.afm <-- epayments /epnn.com/includes/pdf/font Helvetica-Bold.afm
2004.03.14 11:48 B C:\totta\epnn.com\includes\pdf\font\Helvetica-BoldOblique.afm <-- epayments /epnn.com/includes/pdf/font Helvetica-BoldOblique.afm
2004.03.14 11:49 B C:\totta\epnn.com\includes\pdf\font\Helvetica-Oblique.afm <-- epayments /epnn.com/includes/pdf/font Helvetica-Oblique.afm
2004.03.14 11:49 B C:\totta\epnn.com\includes\pdf\font\Helvetica.afm <-- epayments /epnn.com/includes/pdf/font Helvetica.afm
2004.03.14 11:49 B C:\totta\epnn.com\includes\pdf\font\helvetica.php <-- epayments /epnn.com/includes/pdf/font helvetica.php
2004.03.14 11:49 B C:\totta\epnn.com\includes\pdf\font\helveticab.php <-- epayments /epnn.com/includes/pdf/font helveticab.php
2004.03.14 11:49 B C:\totta\epnn.com\includes\pdf\font\helveticabi.php <-- epayments /epnn.com/includes/pdf/font helveticabi.php
2004.03.14 11:49 B C:\totta\epnn.com\includes\pdf\font\helveticai.php <-- epayments /epnn.com/includes/pdf/font helveticai.php
2004.03.14 11:49 B C:\totta\epnn.com\includes\pdf\font\php_a0100131.afm <-- epayments /epnn.com/includes/pdf/font php_a0100131.afm
2004.03.14 11:49 B C:\totta\epnn.com\includes\pdf\font\php_a010013l.afm <-- epayments /epnn.com/includes/pdf/font php_a010013l.afm
2004.03.14 11:49 B C:\totta\epnn.com\includes\pdf\font\php_Courier-Bold.afm <-- epayments /epnn.com/includes/pdf/font php_Courier-Bold.afm
2004.03.14 11:49 B C:\totta\epnn.com\includes\pdf\font\php_Courier-BoldOblique.afm <-- epayments /epnn.com/includes/pdf/font php_Courier-BoldOblique.afm
2004.03.14 11:49 B C:\totta\epnn.com\includes\pdf\font\php_Courier-Oblique.afm <-- epayments /epnn.com/includes/pdf/font php_Courier-Oblique.afm
2004.03.14 11:49 B C:\totta\epnn.com\includes\pdf\font\php_Courier.afm <-- epayments /epnn.com/includes/pdf/font php_Courier.afm
2004.03.14 11:49 B C:\totta\epnn.com\includes\pdf\font\php_Helvetica-Bold.afm <-- epayments /epnn.com/includes/pdf/font php_Helvetica-Bold.afm
2004.03.14 11:49 B C:\totta\epnn.com\includes\pdf\font\php_Helvetica-BoldOblique.afm <-- epayments /epnn.com/includes/pdf/font php_Helvetica-BoldOblique.afm
2004.03.14 11:49 B C:\totta\epnn.com\includes\pdf\font\php_Helvetica-Oblique.afm <-- epayments /epnn.com/includes/pdf/font php_Helvetica-Oblique.afm
2004.03.14 11:49 B C:\totta\epnn.com\includes\pdf\font\php_Helvetica.afm <-- epayments /epnn.com/includes/pdf/font php_Helvetica.afm
2004.03.14 11:49 B C:\totta\epnn.com\includes\pdf\font\php_Symbol.afm <-- epayments /epnn.com/includes/pdf/font php_Symbol.afm
2004.03.14 11:49 B C:\totta\epnn.com\includes\pdf\font\php_Times-Bold.afm <-- epayments /epnn.com/includes/pdf/font php_Times-Bold.afm
2004.03.14 11:49 B C:\totta\epnn.com\includes\pdf\font\php_Times-BoldItalic.afm <-- epayments /epnn.com/includes/pdf/font php_Times-BoldItalic.afm
2004.03.14 11:49 B C:\totta\epnn.com\includes\pdf\font\php_Times-Italic.afm <-- epayments /epnn.com/includes/pdf/font php_Times-Italic.afm
2004.03.14 11:49 B C:\totta\epnn.com\includes\pdf\font\php_Times-Roman.afm <-- epayments /epnn.com/includes/pdf/font php_Times-Roman.afm
2004.03.14 11:49 B C:\totta\epnn.com\includes\pdf\font\php_ZapfDingbats.afm <-- epayments /epnn.com/includes/pdf/font php_ZapfDingbats.afm
2004.03.14 11:49 B C:\totta\epnn.com\includes\pdf\font\Symbol.afm <-- epayments /epnn.com/includes/pdf/font Symbol.afm
2004.03.14 11:49 B C:\totta\epnn.com\includes\pdf\font\symbol.php <-- epayments /epnn.com/includes/pdf/font symbol.php
2004.03.14 11:49 B C:\totta\epnn.com\includes\pdf\font\Times-Bold.afm <-- epayments /epnn.com/includes/pdf/font Times-Bold.afm
2004.03.14 11:49 B C:\totta\epnn.com\includes\pdf\font\Times-BoldItalic.afm <-- epayments /epnn.com/includes/pdf/font Times-BoldItalic.afm
2004.03.14 11:49 B C:\totta\epnn.com\includes\pdf\font\Times-Italic.afm <-- epayments /epnn.com/includes/pdf/font Times-Italic.afm
2004.03.14 11:49 B C:\totta\epnn.com\includes\pdf\font\Times-Roman.afm <-- epayments /epnn.com/includes/pdf/font Times-Roman.afm
2004.03.14 11:49 B C:\totta\epnn.com\includes\pdf\font\times.php <-- epayments /epnn.com/includes/pdf/font times.php
2004.03.14 11:49 B C:\totta\epnn.com\includes\pdf\font\timesb.php <-- epayments /epnn.com/includes/pdf/font timesb.php
2004.03.14 11:49 B C:\totta\epnn.com\includes\pdf\font\timesbi.php <-- epayments /epnn.com/includes/pdf/font timesbi.php
2004.03.14 11:49 B C:\totta\epnn.com\includes\pdf\font\timesi.php <-- epayments /epnn.com/includes/pdf/font timesi.php
2004.03.14 11:49 B C:\totta\epnn.com\includes\pdf\font\ZapfDingbats.afm <-- epayments /epnn.com/includes/pdf/font ZapfDingbats.afm
2004.03.14 11:49 B C:\totta\epnn.com\includes\pdf\font\zapfdingbats.php <-- epayments /epnn.com/includes/pdf/font zapfdingbats.php
2004.03.26 11:40 B E:\totta\epnn.com\includes\pdf\font\WS_FTP.LOG --> web7.ixwebhosting.com /epaymentsnews.com/includes/pdf/font WS_FTP.LOG
